<?xml version="1.0" encoding="UTF-8"?>
<!-- Generated by org.testng.reporters.JUnitXMLReporter -->
<testsuite hostname="mbp7674.stormwind.local" failures="0" tests="24" name="CharTests" time="0.016" errors="0" timestamp="6 Jun 2019 20:48:31 GMT">
  <testcase classname="com.progleasing.integration.CharUtilsTests" name="ASCIIToCharTest" time="0.004"/>
  <testcase classname="com.progleasing.integration.CharUtilsTests" name="ASCIIToCharTest" time="0.0"/>
  <testcase classname="com.progleasing.integration.CharUtilsTests" name="ASCIIToCharTest" time="0.0"/>
  <testcase classname="com.progleasing.integration.CharUtilsTests" name="ASCIIToCharTest" time="0.0"/>
  <testcase classname="com.progleasing.integration.CharUtilsTests" name="ASCIIToCharTest" time="0.0"/>
  <testcase classname="com.progleasing.integration.CharUtilsTests" name="ASCIIToCharTest" time="0.0"/>
  <testcase classname="com.progleasing.integration.CharUtilsTests" name="ASCIIToCharTest" time="0.001"/>
  <testcase classname="com.progleasing.integration.CharUtilsTests" name="ASCIIToCharTest" time="0.0"/>
  <testcase classname="com.progleasing.integration.CharUtilsTests" name="ASCIIToCharTest" time="0.0"/>
  <testcase classname="com.progleasing.integration.CharUtilsTests" name="ASCIIToCharTest" time="0.0"/>
  <testcase classname="com.progleasing.integration.CharUtilsTests" name="ASCIIToCharTest" time="0.0"/>
  <testcase classname="com.progleasing.integration.CharUtilsTests" name="ASCIIToCharTest" time="0.0"/>
  <testcase classname="com.progleasing.integration.CharUtilsTests" name="CharToASCIITest" time="0.0"/>
  <testcase classname="com.progleasing.integration.CharUtilsTests" name="CharToASCIITest" time="0.0"/>
  <testcase classname="com.progleasing.integration.CharUtilsTests" name="CharToASCIITest" time="0.0"/>
  <testcase classname="com.progleasing.integration.CharUtilsTests" name="CharToASCIITest" time="0.001"/>
  <testcase classname="com.progleasing.integration.CharUtilsTests" name="CharToASCIITest" time="0.0"/>
  <testcase classname="com.progleasing.integration.CharUtilsTests" name="CharToASCIITest" time="0.0"/>
  <testcase classname="com.progleasing.integration.CharUtilsTests" name="CharToASCIITest" time="0.0"/>
  <testcase classname="com.progleasing.integration.CharUtilsTests" name="CharToASCIITest" time="0.0"/>
  <testcase classname="com.progleasing.integration.CharUtilsTests" name="CharToASCIITest" time="0.0"/>
  <testcase classname="com.progleasing.integration.CharUtilsTests" name="CharToASCIITest" time="0.0"/>
  <testcase classname="com.progleasing.integration.CharUtilsTests" name="CharToASCIITest" time="0.001"/>
  <testcase classname="com.progleasing.integration.CharUtilsTests" name="CharToASCIITest" time="0.0"/>
</testsuite> <!-- CharTests -->
