<?xml version="1.0" encoding="UTF-8"?>
<testsuite xmlns:xsi="http://www.w3.org/2001/XMLSchema-instance" xsi:noNamespaceSchemaLocation="https://maven.apache.org/surefire/maven-surefire-plugin/xsd/surefire-test-report-3.0.xsd" version="3.0" name="TestSuite" time="0.301" tests="24" errors="0" skipped="0" failures="0">
  <properties>
[...]
</properties>
  <testcase name="ASCIIToCharTest" classname="com.progleasing.integration.CharUtilsTests" time="0.004"/>
  <testcase name="ASCIIToCharTest" classname="com.progleasing.integration.CharUtilsTests" time="0"/>
  <testcase name="ASCIIToCharTest" classname="com.progleasing.integration.CharUtilsTests" time="0"/>
  <testcase name="ASCIIToCharTest" classname="com.progleasing.integration.CharUtilsTests" time="0"/>
  <testcase name="ASCIIToCharTest" classname="com.progleasing.integration.CharUtilsTests" time="0"/>
  <testcase name="ASCIIToCharTest" classname="com.progleasing.integration.CharUtilsTests" time="0"/>
  <testcase name="ASCIIToCharTest" classname="com.progleasing.integration.CharUtilsTests" time="0"/>
  <testcase name="ASCIIToCharTest" classname="com.progleasing.integration.CharUtilsTests" time="0"/>
  <testcase name="ASCIIToCharTest" classname="com.progleasing.integration.CharUtilsTests" time="0"/>
  <testcase name="ASCIIToCharTest" classname="com.progleasing.integration.CharUtilsTests" time="0"/>
  <testcase name="ASCIIToCharTest" classname="com.progleasing.integration.CharUtilsTests" time="0"/>
  <testcase name="ASCIIToCharTest" classname="com.progleasing.integration.CharUtilsTests" time="0"/>
  <testcase name="CharToASCIITest" classname="com.progleasing.integration.CharUtilsTests" time="0"/>
  <testcase name="CharToASCIITest" classname="com.progleasing.integration.CharUtilsTests" time="0"/>
  <testcase name="CharToASCIITest" classname="com.progleasing.integration.CharUtilsTests" time="0"/>
  <testcase name="CharToASCIITest" classname="com.progleasing.integration.CharUtilsTests" time="0"/>
  <testcase name="CharToASCIITest" classname="com.progleasing.integration.CharUtilsTests" time="0"/>
  <testcase name="CharToASCIITest" classname="com.progleasing.integration.CharUtilsTests" time="0"/>
  <testcase name="CharToASCIITest" classname="com.progleasing.integration.CharUtilsTests" time="0"/>
  <testcase name="CharToASCIITest" classname="com.progleasing.integration.CharUtilsTests" time="0"/>
  <testcase name="CharToASCIITest" classname="com.progleasing.integration.CharUtilsTests" time="0"/>
  <testcase name="CharToASCIITest" classname="com.progleasing.integration.CharUtilsTests" time="0.001"/>
  <testcase name="CharToASCIITest" classname="com.progleasing.integration.CharUtilsTests" time="0"/>
  <testcase name="CharToASCIITest" classname="com.progleasing.integration.CharUtilsTests" time="0"/>
</testsuite>