<?xml version="1.0" encoding="UTF-8"?>
<testng-results total="24" passed="24" failed="0" skipped="0">
  <reporter-output>
  </reporter-output>
  <suite started-at="2019-06-06T20:48:31Z" name="Suite1" finished-at="2019-06-06T20:48:31Z" duration-ms="16">
    <groups>
    </groups>
    <test started-at="2019-06-06T20:48:31Z" name="CharTests" finished-at="2019-06-06T20:48:31Z" duration-ms="16">
      <class name="com.progleasing.integration.CharUtilsTests">
        <test-method signature="ASCIIToCharTest(char, int)[pri:0, instance:com.progleasing.integration.CharUtilsTests@a74868d]" started-at="2019-06-06T14:48:31Z" name="ASCIIToCharTest" data-provider="ValidDataProvider" finished-at="2019-06-06T14:48:31Z" duration-ms="4" status="PASS">
          <params>
            <param index="0">
              <value>
                <![CDATA[A]]>
              </value>
            </param>
            <param index="1">
              <value>
                <![CDATA[65]]>
              </value>
            </param>
          </params>
          <reporter-output>
          </reporter-output>
        </test-method> <!-- ASCIIToCharTest -->
        <test-method signature="ASCIIToCharTest(char, int)[pri:0, instance:com.progleasing.integration.CharUtilsTests@a74868d]" started-at="2019-06-06T14:48:31Z" name="ASCIIToCharTest" data-provider="ValidDataProvider" finished-at="2019-06-06T14:48:31Z" duration-ms="0" status="PASS">
          <params>
            <param index="0">
              <value>
                <![CDATA[C]]>
              </value>
            </param>
            <param index="1">
              <value>
                <![CDATA[67]]>
              </value>
            </param>
          </params>
          <reporter-output>
          </reporter-output>
        </test-method> <!-- ASCIIToCharTest -->
        <test-method signature="ASCIIToCharTest(char, int)[pri:0, instance:com.progleasing.integration.CharUtilsTests@a74868d]" started-at="2019-06-06T14:48:31Z" name="ASCIIToCharTest" data-provider="ValidDataProvider" finished-at="2019-06-06T14:48:31Z" duration-ms="0" status="PASS">
          <params>
            <param index="0">
              <value>
                <![CDATA[c]]>
              </value>
            </param>
            <param index="1">
              <value>
                <![CDATA[99]]>
              </value>
            </param>
          </params>
          <reporter-output>
          </reporter-output>
        </test-method> <!-- ASCIIToCharTest -->
        <test-method signature="ASCIIToCharTest(char, int)[pri:0, instance:com.progleasing.integration.CharUtilsTests@a74868d]" started-at="2019-06-06T14:48:31Z" name="ASCIIToCharTest" data-provider="ValidDataProvider" finished-at="2019-06-06T14:48:31Z" duration-ms="0" status="PASS">
          <params>
            <param index="0">
              <value>
                <![CDATA[a]]>
              </value>
            </param>
            <param index="1">
              <value>
                <![CDATA[97]]>
              </value>
            </param>
          </params>
          <reporter-output>
          </reporter-output>
        </test-method> <!-- ASCIIToCharTest -->
        <test-method signature="ASCIIToCharTest(char, int)[pri:0, instance:com.progleasing.integration.CharUtilsTests@a74868d]" started-at="2019-06-06T14:48:31Z" name="ASCIIToCharTest" data-provider="ValidDataProvider" finished-at="2019-06-06T14:48:31Z" duration-ms="0" status="PASS">
          <params>
            <param index="0">
              <value>
                <![CDATA[b]]>
              </value>
            </param>
            <param index="1">
              <value>
                <![CDATA[98]]>
              </value>
            </param>
          </params>
          <reporter-output>
          </reporter-output>
        </test-method> <!-- ASCIIToCharTest -->
        <test-method signature="ASCIIToCharTest(char, int)[pri:0, instance:com.progleasing.integration.CharUtilsTests@a74868d]" started-at="2019-06-06T14:48:31Z" name="ASCIIToCharTest" data-provider="ValidDataProvider" finished-at="2019-06-06T14:48:31Z" duration-ms="0" status="PASS">
          <params>
            <param index="0">
              <value>
                <![CDATA[B]]>
              </value>
            </param>
            <param index="1">
              <value>
                <![CDATA[66]]>
              </value>
            </param>
          </params>
          <reporter-output>
          </reporter-output>
        </test-method> <!-- ASCIIToCharTest -->
        <test-method signature="ASCIIToCharTest(char, int)[pri:0, instance:com.progleasing.integration.CharUtilsTests@a74868d]" started-at="2019-06-06T14:48:31Z" name="ASCIIToCharTest" data-provider="ValidDataProvider" finished-at="2019-06-06T14:48:31Z" duration-ms="1" status="PASS">
          <params>
            <param index="0">
              <value>
                <![CDATA[D]]>
              </value>
            </param>
            <param index="1">
              <value>
                <![CDATA[68]]>
              </value>
            </param>
          </params>
          <reporter-output>
          </reporter-output>
        </test-method> <!-- ASCIIToCharTest -->
        <test-method signature="ASCIIToCharTest(char, int)[pri:0, instance:com.progleasing.integration.CharUtilsTests@a74868d]" started-at="2019-06-06T14:48:31Z" name="ASCIIToCharTest" data-provider="ValidDataProvider" finished-at="2019-06-06T14:48:31Z" duration-ms="0" status="PASS">
          <params>
            <param index="0">
              <value>
                <![CDATA[1]]>
              </value>
            </param>
            <param index="1">
              <value>
                <![CDATA[49]]>
              </value>
            </param>
          </params>
          <reporter-output>
          </reporter-output>
        </test-method> <!-- ASCIIToCharTest -->
        <test-method signature="ASCIIToCharTest(char, int)[pri:0, instance:com.progleasing.integration.CharUtilsTests@a74868d]" started-at="2019-06-06T14:48:31Z" name="ASCIIToCharTest" data-provider="ValidDataProvider" finished-at="2019-06-06T14:48:31Z" duration-ms="0" status="PASS">
          <params>
            <param index="0">
              <value>
                <![CDATA[z]]>
              </value>
            </param>
            <param index="1">
              <value>
                <![CDATA[122]]>
              </value>
            </param>
          </params>
          <reporter-output>
          </reporter-output>
        </test-method> <!-- ASCIIToCharTest -->
        <test-method signature="ASCIIToCharTest(char, int)[pri:0, instance:com.progleasing.integration.CharUtilsTests@a74868d]" started-at="2019-06-06T14:48:31Z" name="ASCIIToCharTest" data-provider="ValidDataProvider" finished-at="2019-06-06T14:48:31Z" duration-ms="0" status="PASS">
          <params>
            <param index="0">
              <value>
                <![CDATA[d]]>
              </value>
            </param>
            <param index="1">
              <value>
                <![CDATA[100]]>
              </value>
            </param>
          </params>
          <reporter-output>
          </reporter-output>
        </test-method> <!-- ASCIIToCharTest -->
        <test-method signature="ASCIIToCharTest(char, int)[pri:0, instance:com.progleasing.integration.CharUtilsTests@a74868d]" started-at="2019-06-06T14:48:31Z" name="ASCIIToCharTest" data-provider="ValidDataProvider" finished-at="2019-06-06T14:48:31Z" duration-ms="0" status="PASS">
          <params>
            <param index="0">
              <value>
                <![CDATA[Z]]>
              </value>
            </param>
            <param index="1">
              <value>
                <![CDATA[90]]>
              </value>
            </param>
          </params>
          <reporter-output>
          </reporter-output>
        </test-method> <!-- ASCIIToCharTest -->
        <test-method signature="ASCIIToCharTest(char, int)[pri:0, instance:com.progleasing.integration.CharUtilsTests@a74868d]" started-at="2019-06-06T14:48:31Z" name="ASCIIToCharTest" data-provider="ValidDataProvider" finished-at="2019-06-06T14:48:31Z" duration-ms="0" status="PASS">
          <params>
            <param index="0">
              <value>
                <![CDATA[9]]>
              </value>
            </param>
            <param index="1">
              <value>
                <![CDATA[57]]>
              </value>
            </param>
          </params>
          <reporter-output>
          </reporter-output>
        </test-method> <!-- ASCIIToCharTest -->
        <test-method signature="CharToASCIITest(char, int)[pri:0, instance:com.progleasing.integration.CharUtilsTests@a74868d]" started-at="2019-06-06T14:48:31Z" name="CharToASCIITest" data-provider="ValidDataProvider" finished-at="2019-06-06T14:48:31Z" duration-ms="0" status="PASS">
          <params>
            <param index="0">
              <value>
                <![CDATA[B]]>
              </value>
            </param>
            <param index="1">
              <value>
                <![CDATA[66]]>
              </value>
            </param>
          </params>
          <reporter-output>
          </reporter-output>
        </test-method> <!-- CharToASCIITest -->
        <test-method signature="CharToASCIITest(char, int)[pri:0, instance:com.progleasing.integration.CharUtilsTests@a74868d]" started-at="2019-06-06T14:48:31Z" name="CharToASCIITest" data-provider="ValidDataProvider" finished-at="2019-06-06T14:48:31Z" duration-ms="0" status="PASS">
          <params>
            <param index="0">
              <value>
                <![CDATA[a]]>
              </value>
            </param>
            <param index="1">
              <value>
                <![CDATA[97]]>
              </value>
            </param>
          </params>
          <reporter-output>
          </reporter-output>
        </test-method> <!-- CharToASCIITest -->
        <test-method signature="CharToASCIITest(char, int)[pri:0, instance:com.progleasing.integration.CharUtilsTests@a74868d]" started-at="2019-06-06T14:48:31Z" name="CharToASCIITest" data-provider="ValidDataProvider" finished-at="2019-06-06T14:48:31Z" duration-ms="0" status="PASS">
          <params>
            <param index="0">
              <value>
                <![CDATA[A]]>
              </value>
            </param>
            <param index="1">
              <value>
                <![CDATA[65]]>
              </value>
            </param>
          </params>
          <reporter-output>
          </reporter-output>
        </test-method> <!-- CharToASCIITest -->
        <test-method signature="CharToASCIITest(char, int)[pri:0, instance:com.progleasing.integration.CharUtilsTests@a74868d]" started-at="2019-06-06T14:48:31Z" name="CharToASCIITest" data-provider="ValidDataProvider" finished-at="2019-06-06T14:48:31Z" duration-ms="1" status="PASS">
          <params>
            <param index="0">
              <value>
                <![CDATA[b]]>
              </value>
            </param>
            <param index="1">
              <value>
                <![CDATA[98]]>
              </value>
            </param>
          </params>
          <reporter-output>
          </reporter-output>
        </test-method> <!-- CharToASCIITest -->
        <test-method signature="CharToASCIITest(char, int)[pri:0, instance:com.progleasing.integration.CharUtilsTests@a74868d]" started-at="2019-06-06T14:48:31Z" name="CharToASCIITest" data-provider="ValidDataProvider" finished-at="2019-06-06T14:48:31Z" duration-ms="0" status="PASS">
          <params>
            <param index="0">
              <value>
                <![CDATA[z]]>
              </value>
            </param>
            <param index="1">
              <value>
                <![CDATA[122]]>
              </value>
            </param>
          </params>
          <reporter-output>
          </reporter-output>
        </test-method> <!-- CharToASCIITest -->
        <test-method signature="CharToASCIITest(char, int)[pri:0, instance:com.progleasing.integration.CharUtilsTests@a74868d]" started-at="2019-06-06T14:48:31Z" name="CharToASCIITest" data-provider="ValidDataProvider" finished-at="2019-06-06T14:48:31Z" duration-ms="0" status="PASS">
          <params>
            <param index="0">
              <value>
                <![CDATA[c]]>
              </value>
            </param>
            <param index="1">
              <value>
                <![CDATA[99]]>
              </value>
            </param>
          </params>
          <reporter-output>
          </reporter-output>
        </test-method> <!-- CharToASCIITest -->
        <test-method signature="CharToASCIITest(char, int)[pri:0, instance:com.progleasing.integration.CharUtilsTests@a74868d]" started-at="2019-06-06T14:48:31Z" name="CharToASCIITest" data-provider="ValidDataProvider" finished-at="2019-06-06T14:48:31Z" duration-ms="0" status="PASS">
          <params>
            <param index="0">
              <value>
                <![CDATA[Z]]>
              </value>
            </param>
            <param index="1">
              <value>
                <![CDATA[90]]>
              </value>
            </param>
          </params>
          <reporter-output>
          </reporter-output>
        </test-method> <!-- CharToASCIITest -->
        <test-method signature="CharToASCIITest(char, int)[pri:0, instance:com.progleasing.integration.CharUtilsTests@a74868d]" started-at="2019-06-06T14:48:31Z" name="CharToASCIITest" data-provider="ValidDataProvider" finished-at="2019-06-06T14:48:31Z" duration-ms="0" status="PASS">
          <params>
            <param index="0">
              <value>
                <![CDATA[d]]>
              </value>
            </param>
            <param index="1">
              <value>
                <![CDATA[100]]>
              </value>
            </param>
          </params>
          <reporter-output>
          </reporter-output>
        </test-method> <!-- CharToASCIITest -->
        <test-method signature="CharToASCIITest(char, int)[pri:0, instance:com.progleasing.integration.CharUtilsTests@a74868d]" started-at="2019-06-06T14:48:31Z" name="CharToASCIITest" data-provider="ValidDataProvider" finished-at="2019-06-06T14:48:31Z" duration-ms="0" status="PASS">
          <params>
            <param index="0">
              <value>
                <![CDATA[C]]>
              </value>
            </param>
            <param index="1">
              <value>
                <![CDATA[67]]>
              </value>
            </param>
          </params>
          <reporter-output>
          </reporter-output>
        </test-method> <!-- CharToASCIITest -->
        <test-method signature="CharToASCIITest(char, int)[pri:0, instance:com.progleasing.integration.CharUtilsTests@a74868d]" started-at="2019-06-06T14:48:31Z" name="CharToASCIITest" data-provider="ValidDataProvider" finished-at="2019-06-06T14:48:31Z" duration-ms="0" status="PASS">
          <params>
            <param index="0">
              <value>
                <![CDATA[D]]>
              </value>
            </param>
            <param index="1">
              <value>
                <![CDATA[68]]>
              </value>
            </param>
          </params>
          <reporter-output>
          </reporter-output>
        </test-method> <!-- CharToASCIITest -->
        <test-method signature="CharToASCIITest(char, int)[pri:0, instance:com.progleasing.integration.CharUtilsTests@a74868d]" started-at="2019-06-06T14:48:31Z" name="CharToASCIITest" data-provider="ValidDataProvider" finished-at="2019-06-06T14:48:31Z" duration-ms="1" status="PASS">
          <params>
            <param index="0">
              <value>
                <![CDATA[1]]>
              </value>
            </param>
            <param index="1">
              <value>
                <![CDATA[49]]>
              </value>
            </param>
          </params>
          <reporter-output>
          </reporter-output>
        </test-method> <!-- CharToASCIITest -->
        <test-method signature="CharToASCIITest(char, int)[pri:0, instance:com.progleasing.integration.CharUtilsTests@a74868d]" started-at="2019-06-06T14:48:31Z" name="CharToASCIITest" data-provider="ValidDataProvider" finished-at="2019-06-06T14:48:31Z" duration-ms="0" status="PASS">
          <params>
            <param index="0">
              <value>
                <![CDATA[9]]>
              </value>
            </param>
            <param index="1">
              <value>
                <![CDATA[57]]>
              </value>
            </param>
          </params>
          <reporter-output>
          </reporter-output>
        </test-method> <!-- CharToASCIITest -->
      </class> <!-- com.progleasing.integration.CharUtilsTests -->
    </test> <!-- CharTests -->
  </suite> <!-- Suite1 -->
</testng-results>
